============================= test session starts =============================
platform win32 -- Python 3.10.11, pytest-9.0.2, pluggy-1.6.0 -- c:\Users\postmam\OneDrive - Corderius College\Documents\Informatica\Samenwerkingen\play\.venv\Scripts\python.exe
cachedir: .pytest_cache
rootdir: C:\Users\postmam\OneDrive - Corderius College\Documents\Informatica\Samenwerkingen\play
configfile: pyproject.toml
plugins: cov-7.0.0, forked-1.6.0
collecting ... collected 9 items
pygame-ce 2.5.6 (SDL 2.32.10, Python 3.10.11)

tests/physics/test_physics_properties.py::test_physics_x_speed_setter [31;1m2026-02-21 23:16:07,829 - play - CRITICAL - Error in game_loop: video system not initialized (game_loop_wrapper.py:24)[0m
[31;1m2026-02-21 23:16:07,830 - play - CRITICAL - Unhandled exception in task 'Task-2':
Traceback (most recent call last):
  File "C:\Users\postmam\OneDrive - Corderius College\Documents\Informatica\Samenwerkingen\play\.\play\core\game_loop_wrapper.py", line 25, in applicator
    raise e
  File "C:\Users\postmam\OneDrive - Corderius College\Documents\Informatica\Samenwerkingen\play\.\play\core\game_loop_wrapper.py", line 20, in applicator
    return await result
  File "C:\Users\postmam\OneDrive - Corderius College\Documents\Informatica\Samenwerkingen\play\.\play\core\__init__.py", line 62, in game_loop
    if not _handle_pygame_events():
  File "C:\Users\postmam\OneDrive - Corderius College\Documents\Informatica\Samenwerkingen\play\.\play\core\__init__.py", line 33, in _handle_pygame_events
    for event in pygame.event.get():
pygame.error: video system not initialized
 (loop.py:23)[0m
PASSED
tests/physics/test_physics_properties.py::test_physics_y_speed_setter [31;1m2026-02-21 23:16:07,845 - play - CRITICAL - Error in game_loop: video system not initialized (game_loop_wrapper.py:24)[0m
[31;1m2026-02-21 23:16:07,845 - play - CRITICAL - Unhandled exception in task 'Task-5':
Traceback (most recent call last):
  File "C:\Users\postmam\OneDrive - Corderius College\Documents\Informatica\Samenwerkingen\play\.\play\core\game_loop_wrapper.py", line 25, in applicator
    raise e
  File "C:\Users\postmam\OneDrive - Corderius College\Documents\Informatica\Samenwerkingen\play\.\play\core\game_loop_wrapper.py", line 20, in applicator
    return await result
  File "C:\Users\postmam\OneDrive - Corderius College\Documents\Informatica\Samenwerkingen\play\.\play\core\__init__.py", line 62, in game_loop
    if not _handle_pygame_events():
  File "C:\Users\postmam\OneDrive - Corderius College\Documents\Informatica\Samenwerkingen\play\.\play\core\__init__.py", line 33, in _handle_pygame_events
    for event in pygame.event.get():
pygame.error: video system not initialized
 (loop.py:23)[0m
PASSED
tests/physics/test_physics_properties.py::test_physics_can_move_getter [31;1m2026-02-21 23:16:07,862 - play - CRITICAL - Error in game_loop: video system not initialized (game_loop_wrapper.py:24)[0m
[31;1m2026-02-21 23:16:07,862 - play - CRITICAL - Unhandled exception in task 'Task-9':
Traceback (most recent call last):
  File "C:\Users\postmam\OneDrive - Corderius College\Documents\Informatica\Samenwerkingen\play\.\play\core\game_loop_wrapper.py", line 25, in applicator
    raise e
  File "C:\Users\postmam\OneDrive - Corderius College\Documents\Informatica\Samenwerkingen\play\.\play\core\game_loop_wrapper.py", line 20, in applicator
    return await result
  File "C:\Users\postmam\OneDrive - Corderius College\Documents\Informatica\Samenwerkingen\play\.\play\core\__init__.py", line 62, in game_loop
    if not _handle_pygame_events():
  File "C:\Users\postmam\OneDrive - Corderius College\Documents\Informatica\Samenwerkingen\play\.\play\core\__init__.py", line 33, in _handle_pygame_events
    for event in pygame.event.get():
pygame.error: video system not initialized
 (loop.py:23)[0m
PASSED
tests/physics/test_physics_properties.py::test_physics_stable_getter [31;1m2026-02-21 23:16:07,879 - play - CRITICAL - Error in game_loop: video system not initialized (game_loop_wrapper.py:24)[0m
[31;1m2026-02-21 23:16:07,879 - play - CRITICAL - Unhandled exception in task 'Task-14':
Traceback (most recent call last):
  File "C:\Users\postmam\OneDrive - Corderius College\Documents\Informatica\Samenwerkingen\play\.\play\core\game_loop_wrapper.py", line 25, in applicator
    raise e
  File "C:\Users\postmam\OneDrive - Corderius College\Documents\Informatica\Samenwerkingen\play\.\play\core\game_loop_wrapper.py", line 20, in applicator
    return await result
  File "C:\Users\postmam\OneDrive - Corderius College\Documents\Informatica\Samenwerkingen\play\.\play\core\__init__.py", line 62, in game_loop
    if not _handle_pygame_events():
  File "C:\Users\postmam\OneDrive - Corderius College\Documents\Informatica\Samenwerkingen\play\.\play\core\__init__.py", line 33, in _handle_pygame_events
    for event in pygame.event.get():
pygame.error: video system not initialized
 (loop.py:23)[0m
PASSED
tests/physics/test_physics_properties.py::test_physics_obeys_gravity_getter [31;1m2026-02-21 23:16:07,895 - play - CRITICAL - Error in game_loop: video system not initialized (game_loop_wrapper.py:24)[0m
[31;1m2026-02-21 23:16:07,895 - play - CRITICAL - Unhandled exception in task 'Task-20':
Traceback (most recent call last):
  File "C:\Users\postmam\OneDrive - Corderius College\Documents\Informatica\Samenwerkingen\play\.\play\core\game_loop_wrapper.py", line 25, in applicator
    raise e
  File "C:\Users\postmam\OneDrive - Corderius College\Documents\Informatica\Samenwerkingen\play\.\play\core\game_loop_wrapper.py", line 20, in applicator
    return await result
  File "C:\Users\postmam\OneDrive - Corderius College\Documents\Informatica\Samenwerkingen\play\.\play\core\__init__.py", line 62, in game_loop
    if not _handle_pygame_events():
  File "C:\Users\postmam\OneDrive - Corderius College\Documents\Informatica\Samenwerkingen\play\.\play\core\__init__.py", line 33, in _handle_pygame_events
    for event in pygame.event.get():
pygame.error: video system not initialized
 (loop.py:23)[0m
PASSED
tests/physics/test_physics_properties.py::test_physics_obeys_gravity_setter [31;1m2026-02-21 23:16:07,912 - play - CRITICAL - Error in game_loop: video system not initialized (game_loop_wrapper.py:24)[0m
[31;1m2026-02-21 23:16:07,912 - play - CRITICAL - Unhandled exception in task 'Task-27':
Traceback (most recent call last):
  File "C:\Users\postmam\OneDrive - Corderius College\Documents\Informatica\Samenwerkingen\play\.\play\core\game_loop_wrapper.py", line 25, in applicator
    raise e
  File "C:\Users\postmam\OneDrive - Corderius College\Documents\Informatica\Samenwerkingen\play\.\play\core\game_loop_wrapper.py", line 20, in applicator
    return await result
  File "C:\Users\postmam\OneDrive - Corderius College\Documents\Informatica\Samenwerkingen\play\.\play\core\__init__.py", line 62, in game_loop
    if not _handle_pygame_events():
  File "C:\Users\postmam\OneDrive - Corderius College\Documents\Informatica\Samenwerkingen\play\.\play\core\__init__.py", line 33, in _handle_pygame_events
    for event in pygame.event.get():
pygame.error: video system not initialized
 (loop.py:23)[0m
PASSED
tests/physics/test_physics_properties.py::test_physics_mass_getter [31;1m2026-02-21 23:16:07,928 - play - CRITICAL - Error in game_loop: video system not initialized (game_loop_wrapper.py:24)[0m
[31;1m2026-02-21 23:16:07,928 - play - CRITICAL - Unhandled exception in task 'Task-35':
Traceback (most recent call last):
  File "C:\Users\postmam\OneDrive - Corderius College\Documents\Informatica\Samenwerkingen\play\.\play\core\game_loop_wrapper.py", line 25, in applicator
    raise e
  File "C:\Users\postmam\OneDrive - Corderius College\Documents\Informatica\Samenwerkingen\play\.\play\core\game_loop_wrapper.py", line 20, in applicator
    return await result
  File "C:\Users\postmam\OneDrive - Corderius College\Documents\Informatica\Samenwerkingen\play\.\play\core\__init__.py", line 62, in game_loop
    if not _handle_pygame_events():
  File "C:\Users\postmam\OneDrive - Corderius College\Documents\Informatica\Samenwerkingen\play\.\play\core\__init__.py", line 33, in _handle_pygame_events
    for event in pygame.event.get():
pygame.error: video system not initialized
 (loop.py:23)[0m
PASSED
tests/physics/test_physics_properties.py::test_physics_bounciness_getter [31;1m2026-02-21 23:16:07,945 - play - CRITICAL - Error in game_loop: video system not initialized (game_loop_wrapper.py:24)[0m
[31;1m2026-02-21 23:16:07,945 - play - CRITICAL - Unhandled exception in task 'Task-44':
Traceback (most recent call last):
  File "C:\Users\postmam\OneDrive - Corderius College\Documents\Informatica\Samenwerkingen\play\.\play\core\game_loop_wrapper.py", line 25, in applicator
    raise e
  File "C:\Users\postmam\OneDrive - Corderius College\Documents\Informatica\Samenwerkingen\play\.\play\core\game_loop_wrapper.py", line 20, in applicator
    return await result
  File "C:\Users\postmam\OneDrive - Corderius College\Documents\Informatica\Samenwerkingen\play\.\play\core\__init__.py", line 62, in game_loop
    if not _handle_pygame_events():
  File "C:\Users\postmam\OneDrive - Corderius College\Documents\Informatica\Samenwerkingen\play\.\play\core\__init__.py", line 33, in _handle_pygame_events
    for event in pygame.event.get():
pygame.error: video system not initialized
 (loop.py:23)[0m
PASSED
tests/physics/test_physics_properties.py::test_physics_pause_unpause [31;1m2026-02-21 23:16:07,962 - play - CRITICAL - Error in game_loop: video system not initialized (game_loop_wrapper.py:24)[0m
[31;1m2026-02-21 23:16:07,962 - play - CRITICAL - Unhandled exception in task 'Task-53':
Traceback (most recent call last):
  File "C:\Users\postmam\OneDrive - Corderius College\Documents\Informatica\Samenwerkingen\play\.\play\core\game_loop_wrapper.py", line 25, in applicator
    raise e
  File "C:\Users\postmam\OneDrive - Corderius College\Documents\Informatica\Samenwerkingen\play\.\play\core\game_loop_wrapper.py", line 20, in applicator
    return await result
  File "C:\Users\postmam\OneDrive - Corderius College\Documents\Informatica\Samenwerkingen\play\.\play\core\__init__.py", line 62, in game_loop
    if not _handle_pygame_events():
  File "C:\Users\postmam\OneDrive - Corderius College\Documents\Informatica\Samenwerkingen\play\.\play\core\__init__.py", line 33, in _handle_pygame_events
    for event in pygame.event.get():
pygame.error: video system not initialized
 (loop.py:23)[0m
FAILED

================================== FAILURES ===================================
_________________________ test_physics_pause_unpause __________________________

    def test_physics_pause_unpause():
        """Test pausing and unpausing physics."""
        import play
    
        box = play.new_box()
        box.start_physics(x_speed=100)
    
        positions = []
    
        frame_count = [0]
    
        @play.repeat_forever
        def track():
            frame_count[0] += 1
    
            if frame_count[0] == 5:
                positions.append(box.x)
                box.physics.pause()
    
            if frame_count[0] == 15:
                positions.append(box.x)  # Should be same as frame 5
    
            if frame_count[0] == 16:
                box.physics.unpause()
    
            if frame_count[0] == 25:
                positions.append(box.x)  # Should be different
                play.stop_program()
    
        play.start_program()
    
        # Position should not change while paused
>       assert positions[0] == positions[1]
E       IndexError: list index out of range

tests\physics\test_physics_properties.py:202: IndexError
------------------------------ Captured log call ------------------------------
CRITICAL play:game_loop_wrapper.py:24 Error in game_loop: video system not initialized
CRITICAL play:loop.py:23 Unhandled exception in task 'Task-53':
Traceback (most recent call last):
  File "C:\Users\postmam\OneDrive - Corderius College\Documents\Informatica\Samenwerkingen\play\.\play\core\game_loop_wrapper.py", line 25, in applicator
    raise e
  File "C:\Users\postmam\OneDrive - Corderius College\Documents\Informatica\Samenwerkingen\play\.\play\core\game_loop_wrapper.py", line 20, in applicator
    return await result
  File "C:\Users\postmam\OneDrive - Corderius College\Documents\Informatica\Samenwerkingen\play\.\play\core\__init__.py", line 62, in game_loop
    if not _handle_pygame_events():
  File "C:\Users\postmam\OneDrive - Corderius College\Documents\Informatica\Samenwerkingen\play\.\play\core\__init__.py", line 33, in _handle_pygame_events
    for event in pygame.event.get():
pygame.error: video system not initialized
=========================== short test summary info ===========================
FAILED tests/physics/test_physics_properties.py::test_physics_pause_unpause
========================= 1 failed, 8 passed in 0.46s =========================
